<?xml version="1.0" encoding="UTF-8"?>
<!-- Generated by org.testng.reporters.JUnitReportReporter -->
<testsuite hostname="LAPTOP-TMU7CSOS" failures="0" tests="1" name="Com.Banking.test.qa.TC_Login001" time="10.284" errors="0" timestamp="18 May 2022 19:21:59 GMT" skipped="0">
  <testcase classname="Com.Banking.test.qa.TC_Login001" name="Tc_login" time="10.284"/>
</testsuite> <!-- Com.Banking.test.qa.TC_Login001 -->
